c:\users\mahdi\desktop\cpppjs\startoo\startoo\debug\vc143.pdb
c:\users\mahdi\desktop\cpppjs\startoo\startoo\debug\vc143.idb
c:\users\mahdi\desktop\cpppjs\startoo\startoo\debug\vertexbuffer.obj
c:\users\mahdi\desktop\cpppjs\startoo\startoo\debug\renderer.obj
c:\users\mahdi\desktop\cpppjs\startoo\startoo\debug\indexbuffer.obj
c:\users\mahdi\desktop\cpppjs\startoo\startoo\debug\vertexbufferlayout.obj
c:\users\mahdi\desktop\cpppjs\startoo\startoo\debug\vertexarray.obj
c:\users\mahdi\desktop\cpppjs\startoo\startoo\debug\stb_img.obj
c:\users\mahdi\desktop\cpppjs\startoo\startoo\debug\stbi_write_image.obj
c:\users\mahdi\desktop\cpppjs\startoo\startoo\debug\imgui_impl_glfw_gl3.obj
c:\users\mahdi\desktop\cpppjs\startoo\startoo\debug\imgui_draw.obj
c:\users\mahdi\desktop\cpppjs\startoo\startoo\debug\imgui_demo.obj
c:\users\mahdi\desktop\cpppjs\startoo\startoo\debug\imgui.obj
c:\users\mahdi\desktop\cpppjs\startoo\startoo\debug\texture.obj
c:\users\mahdi\desktop\cpppjs\startoo\startoo\debug\shader.obj
c:\users\mahdi\desktop\cpppjs\startoo\startoo\debug\application.obj
c:\users\mahdi\desktop\cpppjs\startoo\startoo\debug\startoo.ilk
c:\users\mahdi\desktop\cpppjs\startoo\debug\startoo.exe
c:\users\mahdi\desktop\cpppjs\startoo\debug\startoo.pdb
c:\users\mahdi\desktop\cpppjs\startoo\startoo\debug\startoo.tlog\cl.command.1.tlog
c:\users\mahdi\desktop\cpppjs\startoo\startoo\debug\startoo.tlog\cl.read.1.tlog
c:\users\mahdi\desktop\cpppjs\startoo\startoo\debug\startoo.tlog\cl.write.1.tlog
c:\users\mahdi\desktop\cpppjs\startoo\startoo\debug\startoo.tlog\link.command.1.tlog
c:\users\mahdi\desktop\cpppjs\startoo\startoo\debug\startoo.tlog\link.read.1.tlog
c:\users\mahdi\desktop\cpppjs\startoo\startoo\debug\startoo.tlog\link.write.1.tlog
